<?xml version="1.0" encoding="UTF-8"?>
<!-- Generated by org.testng.reporters.JUnitXMLReporter -->
<testsuite ignored="0" hostname="DESKTOP-M6GTC40" failures="0" tests="3" name="Default test" time="8.981" errors="0" timestamp="2022-01-07T13:40:36 CST">
  <testcase classname="com.caseStatus.testCases.checkAsylum" name="checkAsyStatus" time="1.194"/>
  <testcase classname="com.caseStatus.testCases.checkAsylum" name="checkEadstatus" time="0.953"/>
  <testcase classname="com.caseStatus.testCases.checkAsylum" name="checkTpsstatus" time="0.946"/>
</testsuite> <!-- Default test -->
