<?xml version="1.0" encoding="UTF-8"?>
<!-- Generated by org.testng.reporters.JUnitXMLReporter -->
<testsuite ignored="0" hostname="DESKTOP-M6GTC40" failures="0" tests="4" name="Test" time="14.229" errors="0" timestamp="2022-01-10T10:13:04 CST">
  <testcase classname="com.caseStatus.testCases.checkAsylum" name="checkAsyStatus" time="1.259"/>
  <testcase classname="com.caseStatus.testCases.checkAsylum" name="checkCaseProcessingTimes" time="5.374"/>
  <testcase classname="com.caseStatus.testCases.checkAsylum" name="checkEadstatus" time="0.995"/>
  <testcase classname="com.caseStatus.testCases.checkAsylum" name="checkTpsstatus" time="0.926"/>
</testsuite> <!-- Test -->
