<?xml version="1.0" encoding="UTF-8"?>
<!-- Generated by org.testng.reporters.JUnitXMLReporter -->
<testsuite ignored="4" hostname="DESKTOP-M6GTC40" failures="2" tests="3" name="Test" time="5.799" errors="0" timestamp="2022-01-07T11:25:33 CST">
  <testcase classname="com.caseStatus.testCases.checkAsylum" name="checkAsyStatus" time="1.272"/>
  <testcase classname="com.caseStatus.testCases.checkEad" name="checkEadstatus" time="0.001">
    <failure type="java.lang.NullPointerException">
      <![CDATA[java.lang.NullPointerException
at org.openqa.selenium.support.pagefactory.DefaultElementLocator.findElement(DefaultElementLocator.java:69)
at org.openqa.selenium.support.pagefactory.internal.LocatingElementHandler.invoke(LocatingElementHandler.java:38)
at com.sun.proxy.$Proxy12.sendKeys(Unknown Source)
at com.caseStatus.testCases.checkEad.checkEadstatus(checkEad.java:12)
at java.base/java.util.ArrayList.forEach(ArrayList.java:1540)
... Removed 27 stack frames]]>
    </failure>
  </testcase> <!-- checkEadstatus -->
  <testcase classname="com.caseStatus.testCases.CheckTps" name="checkTpsstatus" time="0.001">
    <failure type="java.lang.NullPointerException">
      <![CDATA[java.lang.NullPointerException
at org.openqa.selenium.support.pagefactory.DefaultElementLocator.findElement(DefaultElementLocator.java:69)
at org.openqa.selenium.support.pagefactory.internal.LocatingElementHandler.invoke(LocatingElementHandler.java:38)
at com.sun.proxy.$Proxy12.sendKeys(Unknown Source)
at com.caseStatus.testCases.CheckTps.checkTpsstatus(CheckTps.java:12)
at java.base/java.util.ArrayList.forEach(ArrayList.java:1540)
... Removed 27 stack frames]]>
    </failure>
  </testcase> <!-- checkTpsstatus -->
  <testcase classname="com.caseStatus.testCases.BaseTestCase" name="@AfterTest Teardown" time="0.0">
    <ignored/>
  </testcase> <!-- @AfterTest Teardown -->
  <testcase classname="com.caseStatus.testCases.BaseTestCase" name="@AfterTest Teardown" time="0.0">
    <ignored/>
  </testcase> <!-- @AfterTest Teardown -->
  <testcase classname="com.caseStatus.testCases.BaseTestCase" name="@BeforeTest setup" time="0.0">
    <ignored/>
  </testcase> <!-- @BeforeTest setup -->
  <testcase classname="com.caseStatus.testCases.BaseTestCase" name="@BeforeTest setup" time="0.0">
    <ignored/>
  </testcase> <!-- @BeforeTest setup -->
</testsuite> <!-- Test -->
