<?xml version="1.0" encoding="UTF-8"?>
<testng-results ignored="3" total="4" passed="1" failed="0" skipped="0">
  <reporter-output>
  </reporter-output>
  <suite started-at="2022-01-10T09:44:12 CST" name="Default suite" finished-at="2022-01-10T09:44:21 CST" duration-ms="9049">
    <groups>
    </groups>
    <test started-at="2022-01-10T09:44:12 CST" name="Default test" finished-at="2022-01-10T09:44:21 CST" duration-ms="9049">
      <class name="com.caseStatus.testCases.checkAsylum">
        <test-method is-config="true" signature="setup()[pri:0, instance:com.caseStatus.testCases.checkAsylum@67a20f67]" started-at="2022-01-10T09:44:12 CST" name="setup" finished-at="2022-01-10T09:44:16 CST" duration-ms="3872" status="PASS">
          <reporter-output>
          </reporter-output>
        </test-method> <!-- setup -->
        <test-method signature="checkCaseProcessingTimes()[pri:0, instance:com.caseStatus.testCases.checkAsylum@67a20f67]" started-at="2022-01-10T09:44:16 CST" name="checkCaseProcessingTimes" finished-at="2022-01-10T09:44:20 CST" duration-ms="4387" status="PASS">
          <reporter-output>
          </reporter-output>
        </test-method> <!-- checkCaseProcessingTimes -->
        <test-method is-config="true" signature="Teardown()[pri:0, instance:com.caseStatus.testCases.checkAsylum@67a20f67]" started-at="2022-01-10T09:44:20 CST" name="Teardown" finished-at="2022-01-10T09:44:21 CST" duration-ms="665" status="PASS">
          <reporter-output>
          </reporter-output>
        </test-method> <!-- Teardown -->
      </class> <!-- com.caseStatus.testCases.checkAsylum -->
    </test> <!-- Default test -->
  </suite> <!-- Default suite -->
</testng-results>
